<?xml version="1.0" encoding="UTF-8"?>
<testsuite xmlns:xsi="http://www.w3.org/2001/XMLSchema-instance" xsi:noNamespaceSchemaLocation="https://maven.apache.org/surefire/maven-surefire-plugin/xsd/surefire-test-report-3.0.xsd" version="3.0" name="TestRunner.Testrunner1" time="30.424" tests="4" errors="2" skipped="0" failures="0">
  <properties>
    <property name="java.specification.version" value="21"/>
    <property name="sun.cpu.isalist" value="amd64"/>
    <property name="sun.jnu.encoding" value="Cp1252"/>
    <property name="java.class.path" value="C:\Users\VIGNESWARAN\Documents\Projects\Selenium+Java\ParaBank\target\test-classes;C:\Users\VIGNESWARAN\Documents\Projects\Selenium+Java\ParaBank\target\classes;C:\Users\VIGNESWARAN\.m2\repository\org\seleniumhq\selenium\selenium-java\4.32.0\selenium-java-4.32.0.jar;C:\Users\VIGNESWARAN\.m2\repository\org\seleniumhq\selenium\selenium-api\4.32.0\selenium-api-4.32.0.jar;C:\Users\VIGNESWARAN\.m2\repository\org\jspecify\jspecify\1.0.0\jspecify-1.0.0.jar;C:\Users\VIGNESWARAN\.m2\repository\org\seleniumhq\selenium\selenium-devtools-v134\4.32.0\selenium-devtools-v134-4.32.0.jar;C:\Users\VIGNESWARAN\.m2\repository\org\seleniumhq\selenium\selenium-devtools-v135\4.32.0\selenium-devtools-v135-4.32.0.jar;C:\Users\VIGNESWARAN\.m2\repository\org\seleniumhq\selenium\selenium-devtools-v136\4.32.0\selenium-devtools-v136-4.32.0.jar;C:\Users\VIGNESWARAN\.m2\repository\org\seleniumhq\selenium\selenium-ie-driver\4.32.0\selenium-ie-driver-4.32.0.jar;C:\Users\VIGNESWARAN\.m2\repository\org\seleniumhq\selenium\selenium-remote-driver\4.32.0\selenium-remote-driver-4.32.0.jar;C:\Users\VIGNESWARAN\.m2\repository\com\google\guava\guava\33.4.8-jre\guava-33.4.8-jre.jar;C:\Users\VIGNESWARAN\.m2\repository\com\google\guava\failureaccess\1.0.3\failureaccess-1.0.3.jar;C:\Users\VIGNESWARAN\.m2\repository\com\google\guava\listenablefuture\9999.0-empty-to-avoid-conflict-with-guava\listenablefuture-9999.0-empty-to-avoid-conflict-with-guava.jar;C:\Users\VIGNESWARAN\.m2\repository\com\google\errorprone\error_prone_annotations\2.36.0\error_prone_annotations-2.36.0.jar;C:\Users\VIGNESWARAN\.m2\repository\com\google\j2objc\j2objc-annotations\3.0.0\j2objc-annotations-3.0.0.jar;C:\Users\VIGNESWARAN\.m2\repository\io\opentelemetry\opentelemetry-api\1.49.0\opentelemetry-api-1.49.0.jar;C:\Users\VIGNESWARAN\.m2\repository\io\opentelemetry\opentelemetry-context\1.49.0\opentelemetry-context-1.49.0.jar;C:\Users\VIGNESWARAN\.m2\repository\io\opentelemetry\opentelemetry-exporter-logging\1.49.0\opentelemetry-exporter-logging-1.49.0.jar;C:\Users\VIGNESWARAN\.m2\repository\io\opentelemetry\opentelemetry-sdk-common\1.49.0\opentelemetry-sdk-common-1.49.0.jar;C:\Users\VIGNESWARAN\.m2\repository\io\opentelemetry\opentelemetry-sdk-extension-autoconfigure-spi\1.49.0\opentelemetry-sdk-extension-autoconfigure-spi-1.49.0.jar;C:\Users\VIGNESWARAN\.m2\repository\io\opentelemetry\opentelemetry-sdk-extension-autoconfigure\1.49.0\opentelemetry-sdk-extension-autoconfigure-1.49.0.jar;C:\Users\VIGNESWARAN\.m2\repository\io\opentelemetry\opentelemetry-sdk-trace\1.49.0\opentelemetry-sdk-trace-1.49.0.jar;C:\Users\VIGNESWARAN\.m2\repository\io\opentelemetry\opentelemetry-sdk\1.49.0\opentelemetry-sdk-1.49.0.jar;C:\Users\VIGNESWARAN\.m2\repository\io\opentelemetry\opentelemetry-sdk-metrics\1.49.0\opentelemetry-sdk-metrics-1.49.0.jar;C:\Users\VIGNESWARAN\.m2\repository\io\opentelemetry\opentelemetry-sdk-logs\1.49.0\opentelemetry-sdk-logs-1.49.0.jar;C:\Users\VIGNESWARAN\.m2\repository\net\bytebuddy\byte-buddy\1.17.5\byte-buddy-1.17.5.jar;C:\Users\VIGNESWARAN\.m2\repository\org\seleniumhq\selenium\selenium-os\4.32.0\selenium-os-4.32.0.jar;C:\Users\VIGNESWARAN\.m2\repository\org\apache\commons\commons-exec\1.4.0\commons-exec-1.4.0.jar;C:\Users\VIGNESWARAN\.m2\repository\org\seleniumhq\selenium\selenium-safari-driver\4.32.0\selenium-safari-driver-4.32.0.jar;C:\Users\VIGNESWARAN\.m2\repository\org\seleniumhq\selenium\selenium-support\4.32.0\selenium-support-4.32.0.jar;C:\Users\VIGNESWARAN\.m2\repository\org\seleniumhq\selenium\selenium-chrome-driver\4.32.0\selenium-chrome-driver-4.32.0.jar;C:\Users\VIGNESWARAN\.m2\repository\com\google\auto\service\auto-service-annotations\1.1.1\auto-service-annotations-1.1.1.jar;C:\Users\VIGNESWARAN\.m2\repository\org\seleniumhq\selenium\selenium-chromium-driver\4.32.0\selenium-chromium-driver-4.32.0.jar;C:\Users\VIGNESWARAN\.m2\repository\org\seleniumhq\selenium\selenium-json\4.32.0\selenium-json-4.32.0.jar;C:\Users\VIGNESWARAN\.m2\repository\org\seleniumhq\selenium\selenium-manager\4.32.0\selenium-manager-4.32.0.jar;C:\Users\VIGNESWARAN\.m2\repository\org\seleniumhq\selenium\selenium-firefox-driver\4.32.0\selenium-firefox-driver-4.32.0.jar;C:\Users\VIGNESWARAN\.m2\repository\org\seleniumhq\selenium\selenium-http\4.32.0\selenium-http-4.32.0.jar;C:\Users\VIGNESWARAN\.m2\repository\org\seleniumhq\selenium\selenium-edge-driver\4.32.0\selenium-edge-driver-4.32.0.jar;C:\Users\VIGNESWARAN\.m2\repository\junit\junit\4.13.2\junit-4.13.2.jar;C:\Users\VIGNESWARAN\.m2\repository\org\hamcrest\hamcrest-core\1.3\hamcrest-core-1.3.jar;C:\Users\VIGNESWARAN\.m2\repository\io\cucumber\gherkin\32.1.1\gherkin-32.1.1.jar;C:\Users\VIGNESWARAN\.m2\repository\io\cucumber\messages\27.2.0\messages-27.2.0.jar;C:\Users\VIGNESWARAN\.m2\repository\io\cucumber\cucumber-java\7.22.1\cucumber-java-7.22.1.jar;C:\Users\VIGNESWARAN\.m2\repository\org\apiguardian\apiguardian-api\1.1.2\apiguardian-api-1.1.2.jar;C:\Users\VIGNESWARAN\.m2\repository\io\cucumber\cucumber-html\0.2.7\cucumber-html-0.2.7.jar;C:\Users\VIGNESWARAN\.m2\repository\net\masterthought\cucumber-reporting\5.8.4\cucumber-reporting-5.8.4.jar;C:\Users\VIGNESWARAN\.m2\repository\com\fasterxml\jackson\core\jackson-databind\2.18.1\jackson-databind-2.18.1.jar;C:\Users\VIGNESWARAN\.m2\repository\com\fasterxml\jackson\core\jackson-annotations\2.18.1\jackson-annotations-2.18.1.jar;C:\Users\VIGNESWARAN\.m2\repository\com\fasterxml\jackson\core\jackson-core\2.18.1\jackson-core-2.18.1.jar;C:\Users\VIGNESWARAN\.m2\repository\com\fasterxml\jackson\datatype\jackson-datatype-jsr310\2.18.1\jackson-datatype-jsr310-2.18.1.jar;C:\Users\VIGNESWARAN\.m2\repository\org\apache\velocity\velocity-engine-core\2.4.1\velocity-engine-core-2.4.1.jar;C:\Users\VIGNESWARAN\.m2\repository\joda-time\joda-time\2.13.0\joda-time-2.13.0.jar;C:\Users\VIGNESWARAN\.m2\repository\org\apache\commons\commons-configuration2\2.11.0\commons-configuration2-2.11.0.jar;C:\Users\VIGNESWARAN\.m2\repository\org\apache\commons\commons-lang3\3.17.0\commons-lang3-3.17.0.jar;C:\Users\VIGNESWARAN\.m2\repository\commons-io\commons-io\2.17.0\commons-io-2.17.0.jar;C:\Users\VIGNESWARAN\.m2\repository\org\apache\commons\commons-text\1.12.0\commons-text-1.12.0.jar;C:\Users\VIGNESWARAN\.m2\repository\org\jsoup\jsoup\1.18.1\jsoup-1.18.1.jar;C:\Users\VIGNESWARAN\.m2\repository\com\googlecode\owasp-java-html-sanitizer\owasp-java-html-sanitizer\20240325.1\owasp-java-html-sanitizer-20240325.1.jar;C:\Users\VIGNESWARAN\.m2\repository\com\googlecode\owasp-java-html-sanitizer\java8-shim\20240325.1\java8-shim-20240325.1.jar;C:\Users\VIGNESWARAN\.m2\repository\com\googlecode\owasp-java-html-sanitizer\java10-shim\20240325.1\java10-shim-20240325.1.jar;C:\Users\VIGNESWARAN\.m2\repository\org\slf4j\slf4j-api\2.0.16\slf4j-api-2.0.16.jar;C:\Users\VIGNESWARAN\.m2\repository\org\slf4j\jcl-over-slf4j\2.0.16\jcl-over-slf4j-2.0.16.jar;C:\Users\VIGNESWARAN\.m2\repository\io\cucumber\cucumber-core\7.22.1\cucumber-core-7.22.1.jar;C:\Users\VIGNESWARAN\.m2\repository\io\cucumber\cucumber-gherkin\7.22.1\cucumber-gherkin-7.22.1.jar;C:\Users\VIGNESWARAN\.m2\repository\io\cucumber\cucumber-gherkin-messages\7.22.1\cucumber-gherkin-messages-7.22.1.jar;C:\Users\VIGNESWARAN\.m2\repository\io\cucumber\testng-xml-formatter\0.3.1\testng-xml-formatter-0.3.1.jar;C:\Users\VIGNESWARAN\.m2\repository\io\cucumber\query\13.2.0\query-13.2.0.jar;C:\Users\VIGNESWARAN\.m2\repository\io\cucumber\tag-expressions\6.1.2\tag-expressions-6.1.2.jar;C:\Users\VIGNESWARAN\.m2\repository\io\cucumber\cucumber-expressions\18.0.1\cucumber-expressions-18.0.1.jar;C:\Users\VIGNESWARAN\.m2\repository\io\cucumber\datatable\7.22.1\datatable-7.22.1.jar;C:\Users\VIGNESWARAN\.m2\repository\io\cucumber\cucumber-plugin\7.22.1\cucumber-plugin-7.22.1.jar;C:\Users\VIGNESWARAN\.m2\repository\io\cucumber\docstring\7.22.1\docstring-7.22.1.jar;C:\Users\VIGNESWARAN\.m2\repository\io\cucumber\html-formatter\21.10.1\html-formatter-21.10.1.jar;C:\Users\VIGNESWARAN\.m2\repository\io\cucumber\junit-xml-formatter\0.7.1\junit-xml-formatter-0.7.1.jar;C:\Users\VIGNESWARAN\.m2\repository\io\cucumber\ci-environment\10.0.1\ci-environment-10.0.1.jar;C:\Users\VIGNESWARAN\.m2\repository\io\cucumber\cucumber-junit\7.22.1\cucumber-junit-7.22.1.jar;"/>
    <property name="java.vm.vendor" value="Eclipse Adoptium"/>
    <property name="sun.arch.data.model" value="64"/>
    <property name="user.variant" value=""/>
    <property name="java.vendor.url" value="https://adoptium.net/"/>
    <property name="user.timezone" value="Asia/Calcutta"/>
    <property name="os.name" value="Windows 11"/>
    <property name="java.vm.specification.version" value="21"/>
    <property name="sun.java.launcher" value="SUN_STANDARD"/>
    <property name="user.country" value="IN"/>
    <property name="sun.boot.library.path" value="C:\eclipse\plugins\org.eclipse.justj.openjdk.hotspot.jre.full.win32.x86_64_21.0.4.v20240802-1551\jre\bin"/>
    <property name="sun.java.command" value="C:\Users\VIGNESWARAN\AppData\Local\Temp\surefire13250397914277260842\surefirebooter-20250513183917382_3.jar C:\Users\VIGNESWARAN\AppData\Local\Temp\surefire13250397914277260842 2025-05-13T18-39-17_121-jvmRun1 surefire-20250513183917382_1tmp surefire_0-20250513183917382_2tmp"/>
    <property name="jdk.debug" value="release"/>
    <property name="surefire.test.class.path" value="C:\Users\VIGNESWARAN\Documents\Projects\Selenium+Java\ParaBank\target\test-classes;C:\Users\VIGNESWARAN\Documents\Projects\Selenium+Java\ParaBank\target\classes;C:\Users\VIGNESWARAN\.m2\repository\org\seleniumhq\selenium\selenium-java\4.32.0\selenium-java-4.32.0.jar;C:\Users\VIGNESWARAN\.m2\repository\org\seleniumhq\selenium\selenium-api\4.32.0\selenium-api-4.32.0.jar;C:\Users\VIGNESWARAN\.m2\repository\org\jspecify\jspecify\1.0.0\jspecify-1.0.0.jar;C:\Users\VIGNESWARAN\.m2\repository\org\seleniumhq\selenium\selenium-devtools-v134\4.32.0\selenium-devtools-v134-4.32.0.jar;C:\Users\VIGNESWARAN\.m2\repository\org\seleniumhq\selenium\selenium-devtools-v135\4.32.0\selenium-devtools-v135-4.32.0.jar;C:\Users\VIGNESWARAN\.m2\repository\org\seleniumhq\selenium\selenium-devtools-v136\4.32.0\selenium-devtools-v136-4.32.0.jar;C:\Users\VIGNESWARAN\.m2\repository\org\seleniumhq\selenium\selenium-ie-driver\4.32.0\selenium-ie-driver-4.32.0.jar;C:\Users\VIGNESWARAN\.m2\repository\org\seleniumhq\selenium\selenium-remote-driver\4.32.0\selenium-remote-driver-4.32.0.jar;C:\Users\VIGNESWARAN\.m2\repository\com\google\guava\guava\33.4.8-jre\guava-33.4.8-jre.jar;C:\Users\VIGNESWARAN\.m2\repository\com\google\guava\failureaccess\1.0.3\failureaccess-1.0.3.jar;C:\Users\VIGNESWARAN\.m2\repository\com\google\guava\listenablefuture\9999.0-empty-to-avoid-conflict-with-guava\listenablefuture-9999.0-empty-to-avoid-conflict-with-guava.jar;C:\Users\VIGNESWARAN\.m2\repository\com\google\errorprone\error_prone_annotations\2.36.0\error_prone_annotations-2.36.0.jar;C:\Users\VIGNESWARAN\.m2\repository\com\google\j2objc\j2objc-annotations\3.0.0\j2objc-annotations-3.0.0.jar;C:\Users\VIGNESWARAN\.m2\repository\io\opentelemetry\opentelemetry-api\1.49.0\opentelemetry-api-1.49.0.jar;C:\Users\VIGNESWARAN\.m2\repository\io\opentelemetry\opentelemetry-context\1.49.0\opentelemetry-context-1.49.0.jar;C:\Users\VIGNESWARAN\.m2\repository\io\opentelemetry\opentelemetry-exporter-logging\1.49.0\opentelemetry-exporter-logging-1.49.0.jar;C:\Users\VIGNESWARAN\.m2\repository\io\opentelemetry\opentelemetry-sdk-common\1.49.0\opentelemetry-sdk-common-1.49.0.jar;C:\Users\VIGNESWARAN\.m2\repository\io\opentelemetry\opentelemetry-sdk-extension-autoconfigure-spi\1.49.0\opentelemetry-sdk-extension-autoconfigure-spi-1.49.0.jar;C:\Users\VIGNESWARAN\.m2\repository\io\opentelemetry\opentelemetry-sdk-extension-autoconfigure\1.49.0\opentelemetry-sdk-extension-autoconfigure-1.49.0.jar;C:\Users\VIGNESWARAN\.m2\repository\io\opentelemetry\opentelemetry-sdk-trace\1.49.0\opentelemetry-sdk-trace-1.49.0.jar;C:\Users\VIGNESWARAN\.m2\repository\io\opentelemetry\opentelemetry-sdk\1.49.0\opentelemetry-sdk-1.49.0.jar;C:\Users\VIGNESWARAN\.m2\repository\io\opentelemetry\opentelemetry-sdk-metrics\1.49.0\opentelemetry-sdk-metrics-1.49.0.jar;C:\Users\VIGNESWARAN\.m2\repository\io\opentelemetry\opentelemetry-sdk-logs\1.49.0\opentelemetry-sdk-logs-1.49.0.jar;C:\Users\VIGNESWARAN\.m2\repository\net\bytebuddy\byte-buddy\1.17.5\byte-buddy-1.17.5.jar;C:\Users\VIGNESWARAN\.m2\repository\org\seleniumhq\selenium\selenium-os\4.32.0\selenium-os-4.32.0.jar;C:\Users\VIGNESWARAN\.m2\repository\org\apache\commons\commons-exec\1.4.0\commons-exec-1.4.0.jar;C:\Users\VIGNESWARAN\.m2\repository\org\seleniumhq\selenium\selenium-safari-driver\4.32.0\selenium-safari-driver-4.32.0.jar;C:\Users\VIGNESWARAN\.m2\repository\org\seleniumhq\selenium\selenium-support\4.32.0\selenium-support-4.32.0.jar;C:\Users\VIGNESWARAN\.m2\repository\org\seleniumhq\selenium\selenium-chrome-driver\4.32.0\selenium-chrome-driver-4.32.0.jar;C:\Users\VIGNESWARAN\.m2\repository\com\google\auto\service\auto-service-annotations\1.1.1\auto-service-annotations-1.1.1.jar;C:\Users\VIGNESWARAN\.m2\repository\org\seleniumhq\selenium\selenium-chromium-driver\4.32.0\selenium-chromium-driver-4.32.0.jar;C:\Users\VIGNESWARAN\.m2\repository\org\seleniumhq\selenium\selenium-json\4.32.0\selenium-json-4.32.0.jar;C:\Users\VIGNESWARAN\.m2\repository\org\seleniumhq\selenium\selenium-manager\4.32.0\selenium-manager-4.32.0.jar;C:\Users\VIGNESWARAN\.m2\repository\org\seleniumhq\selenium\selenium-firefox-driver\4.32.0\selenium-firefox-driver-4.32.0.jar;C:\Users\VIGNESWARAN\.m2\repository\org\seleniumhq\selenium\selenium-http\4.32.0\selenium-http-4.32.0.jar;C:\Users\VIGNESWARAN\.m2\repository\org\seleniumhq\selenium\selenium-edge-driver\4.32.0\selenium-edge-driver-4.32.0.jar;C:\Users\VIGNESWARAN\.m2\repository\junit\junit\4.13.2\junit-4.13.2.jar;C:\Users\VIGNESWARAN\.m2\repository\org\hamcrest\hamcrest-core\1.3\hamcrest-core-1.3.jar;C:\Users\VIGNESWARAN\.m2\repository\io\cucumber\gherkin\32.1.1\gherkin-32.1.1.jar;C:\Users\VIGNESWARAN\.m2\repository\io\cucumber\messages\27.2.0\messages-27.2.0.jar;C:\Users\VIGNESWARAN\.m2\repository\io\cucumber\cucumber-java\7.22.1\cucumber-java-7.22.1.jar;C:\Users\VIGNESWARAN\.m2\repository\org\apiguardian\apiguardian-api\1.1.2\apiguardian-api-1.1.2.jar;C:\Users\VIGNESWARAN\.m2\repository\io\cucumber\cucumber-html\0.2.7\cucumber-html-0.2.7.jar;C:\Users\VIGNESWARAN\.m2\repository\net\masterthought\cucumber-reporting\5.8.4\cucumber-reporting-5.8.4.jar;C:\Users\VIGNESWARAN\.m2\repository\com\fasterxml\jackson\core\jackson-databind\2.18.1\jackson-databind-2.18.1.jar;C:\Users\VIGNESWARAN\.m2\repository\com\fasterxml\jackson\core\jackson-annotations\2.18.1\jackson-annotations-2.18.1.jar;C:\Users\VIGNESWARAN\.m2\repository\com\fasterxml\jackson\core\jackson-core\2.18.1\jackson-core-2.18.1.jar;C:\Users\VIGNESWARAN\.m2\repository\com\fasterxml\jackson\datatype\jackson-datatype-jsr310\2.18.1\jackson-datatype-jsr310-2.18.1.jar;C:\Users\VIGNESWARAN\.m2\repository\org\apache\velocity\velocity-engine-core\2.4.1\velocity-engine-core-2.4.1.jar;C:\Users\VIGNESWARAN\.m2\repository\joda-time\joda-time\2.13.0\joda-time-2.13.0.jar;C:\Users\VIGNESWARAN\.m2\repository\org\apache\commons\commons-configuration2\2.11.0\commons-configuration2-2.11.0.jar;C:\Users\VIGNESWARAN\.m2\repository\org\apache\commons\commons-lang3\3.17.0\commons-lang3-3.17.0.jar;C:\Users\VIGNESWARAN\.m2\repository\commons-io\commons-io\2.17.0\commons-io-2.17.0.jar;C:\Users\VIGNESWARAN\.m2\repository\org\apache\commons\commons-text\1.12.0\commons-text-1.12.0.jar;C:\Users\VIGNESWARAN\.m2\repository\org\jsoup\jsoup\1.18.1\jsoup-1.18.1.jar;C:\Users\VIGNESWARAN\.m2\repository\com\googlecode\owasp-java-html-sanitizer\owasp-java-html-sanitizer\20240325.1\owasp-java-html-sanitizer-20240325.1.jar;C:\Users\VIGNESWARAN\.m2\repository\com\googlecode\owasp-java-html-sanitizer\java8-shim\20240325.1\java8-shim-20240325.1.jar;C:\Users\VIGNESWARAN\.m2\repository\com\googlecode\owasp-java-html-sanitizer\java10-shim\20240325.1\java10-shim-20240325.1.jar;C:\Users\VIGNESWARAN\.m2\repository\org\slf4j\slf4j-api\2.0.16\slf4j-api-2.0.16.jar;C:\Users\VIGNESWARAN\.m2\repository\org\slf4j\jcl-over-slf4j\2.0.16\jcl-over-slf4j-2.0.16.jar;C:\Users\VIGNESWARAN\.m2\repository\io\cucumber\cucumber-core\7.22.1\cucumber-core-7.22.1.jar;C:\Users\VIGNESWARAN\.m2\repository\io\cucumber\cucumber-gherkin\7.22.1\cucumber-gherkin-7.22.1.jar;C:\Users\VIGNESWARAN\.m2\repository\io\cucumber\cucumber-gherkin-messages\7.22.1\cucumber-gherkin-messages-7.22.1.jar;C:\Users\VIGNESWARAN\.m2\repository\io\cucumber\testng-xml-formatter\0.3.1\testng-xml-formatter-0.3.1.jar;C:\Users\VIGNESWARAN\.m2\repository\io\cucumber\query\13.2.0\query-13.2.0.jar;C:\Users\VIGNESWARAN\.m2\repository\io\cucumber\tag-expressions\6.1.2\tag-expressions-6.1.2.jar;C:\Users\VIGNESWARAN\.m2\repository\io\cucumber\cucumber-expressions\18.0.1\cucumber-expressions-18.0.1.jar;C:\Users\VIGNESWARAN\.m2\repository\io\cucumber\datatable\7.22.1\datatable-7.22.1.jar;C:\Users\VIGNESWARAN\.m2\repository\io\cucumber\cucumber-plugin\7.22.1\cucumber-plugin-7.22.1.jar;C:\Users\VIGNESWARAN\.m2\repository\io\cucumber\docstring\7.22.1\docstring-7.22.1.jar;C:\Users\VIGNESWARAN\.m2\repository\io\cucumber\html-formatter\21.10.1\html-formatter-21.10.1.jar;C:\Users\VIGNESWARAN\.m2\repository\io\cucumber\junit-xml-formatter\0.7.1\junit-xml-formatter-0.7.1.jar;C:\Users\VIGNESWARAN\.m2\repository\io\cucumber\ci-environment\10.0.1\ci-environment-10.0.1.jar;C:\Users\VIGNESWARAN\.m2\repository\io\cucumber\cucumber-junit\7.22.1\cucumber-junit-7.22.1.jar;"/>
    <property name="sun.cpu.endian" value="little"/>
    <property name="user.home" value="C:\Users\VIGNESWARAN"/>
    <property name="user.language" value="en"/>
    <property name="java.specification.vendor" value="Oracle Corporation"/>
    <property name="java.version.date" value="2024-07-16"/>
    <property name="java.home" value="C:\eclipse\plugins\org.eclipse.justj.openjdk.hotspot.jre.full.win32.x86_64_21.0.4.v20240802-1551\jre"/>
    <property name="file.separator" value="\"/>
    <property name="basedir" value="C:\Users\VIGNESWARAN\Documents\Projects\Selenium+Java\ParaBank"/>
    <property name="style.color" value="always"/>
    <property name="java.vm.compressedOopsMode" value="Zero based"/>
    <property name="line.separator" value="&#10;"/>
    <property name="java.vm.specification.vendor" value="Oracle Corporation"/>
    <property name="java.specification.name" value="Java Platform API Specification"/>
    <property name="surefire.real.class.path" value="C:\Users\VIGNESWARAN\AppData\Local\Temp\surefire13250397914277260842\surefirebooter-20250513183917382_3.jar"/>
    <property name="user.script" value=""/>
    <property name="sun.management.compiler" value="HotSpot 64-Bit Tiered Compilers"/>
    <property name="java.runtime.version" value="21.0.4+7-LTS"/>
    <property name="user.name" value="VIGNESWARAN"/>
    <property name="stdout.encoding" value="Cp1252"/>
    <property name="path.separator" value=";"/>
    <property name="os.version" value="10.0"/>
    <property name="java.runtime.name" value="OpenJDK Runtime Environment"/>
    <property name="file.encoding" value="UTF-8"/>
    <property name="java.vm.name" value="OpenJDK 64-Bit Server VM"/>
    <property name="java.vendor.version" value="Temurin-21.0.4+7"/>
    <property name="localRepository" value="C:\Users\VIGNESWARAN\.m2\repository"/>
    <property name="java.vendor.url.bug" value="https://github.com/adoptium/adoptium-support/issues"/>
    <property name="java.io.tmpdir" value="C:\Users\VIGNES~1\AppData\Local\Temp\"/>
    <property name="java.version" value="21.0.4"/>
    <property name="user.dir" value="C:\Users\VIGNESWARAN\Documents\Projects\Selenium+Java\ParaBank"/>
    <property name="os.arch" value="amd64"/>
    <property name="java.vm.specification.name" value="Java Virtual Machine Specification"/>
    <property name="sun.os.patch.level" value=""/>
    <property name="native.encoding" value="Cp1252"/>
    <property name="java.library.path" value="C:\eclipse\plugins\org.eclipse.justj.openjdk.hotspot.jre.full.win32.x86_64_21.0.4.v20240802-1551\jre\bin;C:\WINDOWS\Sun\Java\bin;C:\WINDOWS\system32;C:\WINDOWS;C:/eclipse//plugins/org.eclipse.justj.openjdk.hotspot.jre.full.win32.x86_64_21.0.4.v20240802-1551/jre/bin/server;C:/eclipse//plugins/org.eclipse.justj.openjdk.hotspot.jre.full.win32.x86_64_21.0.4.v20240802-1551/jre/bin;C:\Program Files\Common Files\Oracle\Java\javapath;C:\windows\system32;C:\windows;C:\windows\System32\Wbem;C:\windows\System32\WindowsPowerShell\v1.0\;C:\windows\System32\OpenSSH\;C:\Program Files (x86)\NVIDIA Corporation\PhysX\Common;C:\Program Files\NVIDIA Corporation\NVIDIA NvDLISR;C:\Users\Administrator\AppData\Local\Microsoft\WindowsApps;C:\Program Files\HP\OMEN-Broadcast\Common;C:\Program Files\Java\jdk-21\bin;C:\Program Files\nodejs\;C:\Users\VIGNESWARAN\AppData\Local\Android\Sdk\platform-tools;C:\Users\VIGNESWARAN\AppData\Local\Android\Sdk\cmdline-tools;C:\Users\VIGNESWARAN\AppData\Local\Android\Sdk\emulator;C:\WINDOWS\system32;C:\WINDOWS;C:\WINDOWS\System32\Wbem;C:\WINDOWS\System32\WindowsPowerShell\v1.0\;C:\WINDOWS\System32\OpenSSH\;C:\Program Files\apache-maven-3.9.9\bin;C:\Users\VIGNESWARAN\AppData\Local\Microsoft\WindowsApps;C:\Users\VIGNESWARAN\AppData\Roaming\npm;C:\Users\VIGNESWARAN\AppData\Local\Programs\Microsoft VS Code\bin;;C:\eclipse;;."/>
    <property name="java.vm.info" value="mixed mode"/>
    <property name="stderr.encoding" value="Cp1252"/>
    <property name="java.vendor" value="Eclipse Adoptium"/>
    <property name="java.vm.version" value="21.0.4+7-LTS"/>
    <property name="sun.io.unicode.encoding" value="UnicodeLittle"/>
    <property name="java.class.version" value="65.0"/>
  </properties>
  <testcase name="Verify the login feature of parabank happypath All Fields #1" classname="Functional testing of login page of paraBank" time="11.186">
    <error message="Cannot invoke &quot;org.openqa.selenium.WebElement.isDisplayed()&quot; because &quot;this.usernamelink&quot; is null" type="java.lang.NullPointerException"><![CDATA[java.lang.NullPointerException: Cannot invoke "org.openqa.selenium.WebElement.isDisplayed()" because "this.usernamelink" is null
	at pageObjects.LoginPage.loginchecks(LoginPage.java:27)
	at stepDefinitions.LoginSteps.i_check_the_customer_login_links_and_buttons(LoginSteps.java:17)
	at ✽.I check the customer login links and buttons(file:///C:/Users/VIGNESWARAN/Documents/Projects/Selenium+Java/ParaBank/src/test/java/features/Login.feature:9)
]]></error>
    <system-out><![CDATA[
@Login @regression @loginhappypath1 @regression
Scenario Outline: Verify the login feature of parabank happypath All Fields # src/test/java/features/Login.feature:16
  Given I enter paraBank homepage                                           # stepDefinitions.RegistrationSteps.i_enter_para_bank_homepage()
  When I check the customer login links and buttons                         # stepDefinitions.LoginSteps.i_check_the_customer_login_links_and_buttons()
      java.lang.NullPointerException: Cannot invoke "org.openqa.selenium.WebElement.isDisplayed()" because "this.usernamelink" is null
      	at pageObjects.LoginPage.loginchecks(LoginPage.java:27)
      	at stepDefinitions.LoginSteps.i_check_the_customer_login_links_and_buttons(LoginSteps.java:17)
      	at ✽.I check the customer login links and buttons(file:///C:/Users/VIGNESWARAN/Documents/Projects/Selenium+Java/ParaBank/src/test/java/features/Login.feature:9)
  And I enter "NTYQZYRB1234" and "JHIHZGVV8085" and click log in button     # stepDefinitions.LoginSteps.i_enter_and_and_click_log_in_button(java.lang.String,java.lang.String)
]]></system-out>
  </testcase>
  <testcase name="Verify the login feature of parabank happypath All Fields #2" classname="Functional testing of login page of paraBank" time="4.401">
    <error message="Cannot invoke &quot;org.openqa.selenium.WebElement.isDisplayed()&quot; because &quot;this.usernamelink&quot; is null" type="java.lang.NullPointerException"><![CDATA[java.lang.NullPointerException: Cannot invoke "org.openqa.selenium.WebElement.isDisplayed()" because "this.usernamelink" is null
	at pageObjects.LoginPage.loginchecks(LoginPage.java:27)
	at stepDefinitions.LoginSteps.i_check_the_customer_login_links_and_buttons(LoginSteps.java:17)
	at ✽.I check the customer login links and buttons(file:///C:/Users/VIGNESWARAN/Documents/Projects/Selenium+Java/ParaBank/src/test/java/features/Login.feature:9)
]]></error>
    <system-out><![CDATA[
@Login @regression @loginhappypath1 @regression
Scenario Outline: Verify the login feature of parabank happypath All Fields # src/test/java/features/Login.feature:17
  Given I enter paraBank homepage                                           # stepDefinitions.RegistrationSteps.i_enter_para_bank_homepage()
  When I check the customer login links and buttons                         # stepDefinitions.LoginSteps.i_check_the_customer_login_links_and_buttons()
      java.lang.NullPointerException: Cannot invoke "org.openqa.selenium.WebElement.isDisplayed()" because "this.usernamelink" is null
      	at pageObjects.LoginPage.loginchecks(LoginPage.java:27)
      	at stepDefinitions.LoginSteps.i_check_the_customer_login_links_and_buttons(LoginSteps.java:17)
      	at ✽.I check the customer login links and buttons(file:///C:/Users/VIGNESWARAN/Documents/Projects/Selenium+Java/ParaBank/src/test/java/features/Login.feature:9)
  And I enter "RABFQCOD1234" and "LFEFIKLT1142" and click log in button     # stepDefinitions.LoginSteps.i_enter_and_and_click_log_in_button(java.lang.String,java.lang.String)
]]></system-out>
  </testcase>
  <testcase name="Verify the registration feature of parabank happypath All Fields" classname="Functional testing of registration page of paraBank" time="6.67">
    <system-out><![CDATA[
@registration @regression @registerhappypath1 @regression
Scenario: Verify the registration feature of parabank happypath All Fields # src/test/java/features/Registration.feature:7
  Given I enter paraBank homepage                                          # stepDefinitions.RegistrationSteps.i_enter_para_bank_homepage()
  When I click register link                                               # stepDefinitions.RegistrationSteps.i_click_register_link()
  Then I redirected to registration page                                   # stepDefinitions.RegistrationSteps.i_redirected_to_registration_page()
USERNAME ---> GPMCRQHH1234
PASSWORD ---> ENCTFNQH8842
  When I enter all fields                                                  # stepDefinitions.RegistrationSteps.i_enter_all_fields()
  And click register button                                                # stepDefinitions.RegistrationSteps.click_register_button()
  Then I see success page                                                  # stepDefinitions.RegistrationSteps.i_see_success_page()
]]></system-out>
  </testcase>
  <testcase name="Verify the registration feature of parabank happypath Mandatory" classname="Functional testing of registration page of paraBank" time="6.903">
    <system-out><![CDATA[
@registration @regression @registerhappypath2 @regression
Scenario: Verify the registration feature of parabank happypath Mandatory # src/test/java/features/Registration.feature:16
  Given I enter paraBank homepage                                         # stepDefinitions.RegistrationSteps.i_enter_para_bank_homepage()
  When I click register link                                              # stepDefinitions.RegistrationSteps.i_click_register_link()
  Then I redirected to registration page                                  # stepDefinitions.RegistrationSteps.i_redirected_to_registration_page()
USERNAME ---> SJVHHFEU1234
PASSWORD ---> YSZRUTSK0345
  When I enter mandatory fields                                           # stepDefinitions.RegistrationSteps.i_enter_mandatory_fields()
  And click register button                                               # stepDefinitions.RegistrationSteps.click_register_button()
  Then I see success page                                                 # stepDefinitions.RegistrationSteps.i_see_success_page()
]]></system-out>
  </testcase>
</testsuite>